
[2026-02-05 13:58:52] GET /api/v1/extension/commands
Origin: None
PNA Request: None

[2026-02-05 13:59:22] GET /api/v1/extension/commands
Origin: None
PNA Request: None

[2026-02-05 13:59:52] GET /api/v1/extension/commands
Origin: None
PNA Request: None

[2026-02-05 14:00:22] GET /api/v1/extension/commands
Origin: None
PNA Request: None

[2026-02-05 14:00:52] GET /api/v1/extension/commands
Origin: None
PNA Request: None

[2026-02-05 14:01:22] GET /api/v1/extension/commands
Origin: None
PNA Request: None

[2026-02-05 14:01:52] GET /api/v1/extension/commands
Origin: None
PNA Request: None

[2026-02-05 14:02:22] GET /api/v1/extension/commands
Origin: None
PNA Request: None

[2026-02-05 14:02:52] GET /api/v1/extension/commands
Origin: None
PNA Request: None

[2026-02-05 14:03:22] GET /api/v1/extension/commands
Origin: None
PNA Request: None

[2026-02-05 14:03:52] GET /api/v1/extension/commands
Origin: None
PNA Request: None

[2026-02-05 14:04:22] GET /api/v1/extension/commands
Origin: None
PNA Request: None

[2026-02-05 14:04:52] GET /api/v1/extension/commands
Origin: None
PNA Request: None

[2026-02-05 14:05:22] GET /api/v1/extension/commands
Origin: None
PNA Request: None

[2026-02-05 14:05:52] GET /api/v1/extension/commands
Origin: None
PNA Request: None

[2026-02-05 14:06:22] GET /api/v1/extension/commands
Origin: None
PNA Request: None

[2026-02-05 14:06:52] GET /api/v1/extension/commands
Origin: None
PNA Request: None

[2026-02-05 14:07:39] GET /api/v1/extension/commands
Origin: None
PNA Request: None

[2026-02-05 14:07:52] GET /api/v1/extension/commands
Origin: None
PNA Request: None

[2026-02-05 14:08:22] GET /api/v1/extension/commands
Origin: None
PNA Request: None

[2026-02-05 14:08:52] GET /api/v1/extension/commands
Origin: None
PNA Request: None

[2026-02-05 14:09:22] GET /api/v1/extension/commands
Origin: None
PNA Request: None

[2026-02-05 14:09:52] GET /api/v1/extension/commands
Origin: None
PNA Request: None

[2026-02-05 14:10:22] GET /api/v1/extension/commands
Origin: None
PNA Request: None

[2026-02-05 14:10:52] GET /api/v1/extension/commands
Origin: None
PNA Request: None

[2026-02-05 14:11:22] GET /api/v1/extension/commands
Origin: None
PNA Request: None

[2026-02-05 14:11:52] GET /api/v1/extension/commands
Origin: None
PNA Request: None

[2026-02-05 14:12:22] GET /api/v1/extension/commands
Origin: None
PNA Request: None

[2026-02-05 14:12:52] GET /api/v1/extension/commands
Origin: None
PNA Request: None

[2026-02-05 14:13:07] GET /api/v1/lead-watcher/lists
Origin: None
PNA Request: None

[2026-02-05 14:13:22] GET /api/v1/extension/commands
Origin: None
PNA Request: None

[2026-02-05 14:13:50] GET /api/v1/lead-watcher/lists
Origin: None
PNA Request: None

[2026-02-05 14:13:52] GET /api/v1/extension/commands
Origin: None
PNA Request: None

[2026-02-05 14:14:22] GET /api/v1/extension/commands
Origin: None
PNA Request: None

[2026-02-05 14:14:41] GET /api/v1/lead-watcher/lists
Origin: None
PNA Request: None

[2026-02-05 14:14:52] GET /api/v1/extension/commands
Origin: None
PNA Request: None

[2026-02-05 14:15:22] GET /api/v1/extension/commands
Origin: None
PNA Request: None

[2026-02-05 14:15:52] GET /api/v1/extension/commands
Origin: None
PNA Request: None

[2026-02-05 14:16:15] GET /api/v1/extension/commands
Origin: None
PNA Request: None

[2026-02-05 14:16:55] GET /api/v1/lead-watcher/lists
Origin: None
PNA Request: None

[2026-02-05 14:16:55] GET /api/v1/extension/commands
Origin: None
PNA Request: None

[2026-02-05 14:17:05] GET /api/v1/extension/commands
Origin: None
PNA Request: None

[2026-02-05 14:17:44] GET /api/v1/extension/commands
Origin: None
PNA Request: None

[2026-02-05 14:18:18] GET /api/v1/extension/commands
Origin: None
PNA Request: None

[2026-02-05 14:18:44] GET /api/v1/extension/commands
Origin: None
PNA Request: None

[2026-02-05 14:18:59] GET /api/v1/lead-watcher/lists
Origin: None
PNA Request: None

[2026-02-05 14:19:08] POST /api/v1/lead-watcher/lists
Origin: chrome-extension://egkdfgfhmacfiklefnofglmoihjegiko
PNA Request: None

[2026-02-05 14:19:14] GET /api/v1/extension/commands
Origin: None
PNA Request: None

[2026-02-05 14:19:44] GET /api/v1/extension/commands
Origin: None
PNA Request: None

[2026-02-05 14:20:14] GET /api/v1/extension/commands
Origin: None
PNA Request: None

[2026-02-05 14:20:44] GET /api/v1/extension/commands
Origin: None
PNA Request: None

[2026-02-05 14:21:14] GET /api/v1/extension/commands
Origin: None
PNA Request: None

[2026-02-05 14:21:44] GET /api/v1/extension/commands
Origin: None
PNA Request: None

[2026-02-05 14:22:14] GET /api/v1/extension/commands
Origin: None
PNA Request: None

[2026-02-05 14:22:44] GET /api/v1/extension/commands
Origin: None
PNA Request: None

[2026-02-05 14:23:14] GET /api/v1/extension/commands
Origin: None
PNA Request: None

